<?xml version="1.0" encoding="UTF-8"?>
<!-- Generated by org.testng.reporters.JUnitReportReporter -->
<testsuite hostname="LPRUHE8142" failures="0" tests="1" name="APITest.test" time="4.565" errors="0" timestamp="2024-07-10T23:05:54 AST" skipped="0">
  <testcase classname="APITest.test" name="addNewDevice" time="4.565"/>
</testsuite> <!-- APITest.test -->
